<?xml version="1.0" encoding="UTF-8" standalone="yes"?>
<styleSheet xmlns="http://schemas.openxmlformats.org/spreadsheetml/2006/main"
	xmlns:mc="http://schemas.openxmlformats.org/markup-compatibility/2006"
	mc:Ignorable="x14ac"
	xmlns:x14ac="http://schemas.microsoft.com/office/spreadsheetml/2009/9/ac">
	<numFmts count="1">
		<numFmt numFmtId="176" formatCode="0.00000_ " />
	</numFmts>
	<fonts count="2" x14ac:knownFonts="1">
		<font>
			<sz val="12" />
			<color theme="1" />
			<name val="宋体" />
			<family val="2" />
			<charset val="134" />
			<scheme val="minor" />
		</font>
		<font>
			<sz val="9" />
			<name val="宋体" />
			<family val="2" />
			<charset val="134" />
		</font>
	</fonts>
	<fills count="2">
		<fill>
			<patternFill patternType="none" />
		</fill>
		<fill>
			<patternFill patternType="gray125" />
		</fill>
	</fills>
	<borders count="1">
		<border>
			<left />
			<right />
			<top />
			<bottom />
			<diagonal />
		</border>
	</borders>
	<cellStyleXfs count="1">
		<xf numFmtId="0" fontId="0" fillId="0" borderId="0" />
	</cellStyleXfs>
	<cellXfs count="3">
		<xf numFmtId="0" fontId="0" fillId="0" borderId="0" xfId="0" />
		<xf numFmtId="14" fontId="0" fillId="0" borderId="0" xfId="0"
			applyNumberFormat="1" />
		<xf numFmtId="176" fontId="0" fillId="0" borderId="0" xfId="0"
			applyNumberFormat="1" />
	</cellXfs>
	<cellStyles count="1">
		<cellStyle name="普通" xfId="0" builtinId="0" />
	</cellStyles>
	<dxfs count="0" />
	<tableStyles count="0" defaultTableStyle="TableStyleMedium9"
		defaultPivotStyle="PivotStyleMedium4" />
</styleSheet>